[INFO] Scanning for projects...
[INFO] 
[INFO] -----------------------< com.tmcf:sundayschool >------------------------
[INFO] Building sundayschool 0.0.1-SNAPSHOT
[INFO]   from pom.xml
[INFO] --------------------------------[ jar ]---------------------------------
[INFO] 
[INFO] --- clean:3.5.0:clean (default-clean) @ sundayschool ---
[INFO] Deleting C:\sundayschool\target
[INFO] 
[INFO] --- resources:3.3.1:resources (default-resources) @ sundayschool ---
[INFO] Copying 1 resource from src\main\resources to target\classes
[INFO] Copying 15 resources from src\main\resources to target\classes
[INFO] 
[INFO] --- compiler:3.14.1:compile (default-compile) @ sundayschool ---
[INFO] Recompiling the module because of changed source code.
[INFO] Compiling 60 source files with javac [debug parameters release 17] to target\classes
[INFO] -------------------------------------------------------------
[ERROR] COMPILATION ERROR : 
[INFO] -------------------------------------------------------------
[ERROR] /C:/sundayschool/src/main/java/com/tmcf/sundayschool/DataInitializer.java:[185,24] cannot find symbol
  symbol:   method setJoinedDate(java.time.LocalDate)
  location: variable student of type com.tmcf.sundayschool.entity.Student
[INFO] 1 error
[INFO] -------------------------------------------------------------
[INFO] ------------------------------------------------------------------------
[INFO] BUILD FAILURE
[INFO] ------------------------------------------------------------------------
[INFO] Total time:  3.069 s
[INFO] Finished at: 2026-03-04T00:19:29+05:30
[INFO] ------------------------------------------------------------------------
[ERROR] Failed to execute goal org.apache.maven.plugins:maven-compiler-plugin:3.14.1:compile (default-compile) on project sundayschool: Compilation failure
[ERROR] /C:/sundayschool/src/main/java/com/tmcf/sundayschool/DataInitializer.java:[185,24] cannot find symbol
[ERROR]   symbol:   method setJoinedDate(java.time.LocalDate)
[ERROR]   location: variable student of type com.tmcf.sundayschool.entity.Student
[ERROR] 
[ERROR] -> [Help 1]
[ERROR] 
[ERROR] To see the full stack trace of the errors, re-run Maven with the -e switch.
[ERROR] Re-run Maven using the -X switch to enable full debug logging.
[ERROR] 
[ERROR] For more information about the errors and possible solutions, please read the following articles:
[ERROR] [Help 1] http://cwiki.apache.org/confluence/display/MAVEN/MojoFailureException
